2023-11-14 22:10:59 [background-preinit] INFO  o.h.validator.internal.util.Version - HV000001: Hibernate Validator 8.0.1.Final
2023-11-14 22:10:59 [main] INFO  com.pedrolima.wexchange.Main - Starting Main using Java 17.0.9 with PID 45702 (/home/pedrolima/IdeaProjects/wexchange/build/classes/java/main started by pedrolima in /home/pedrolima/IdeaProjects/wexchange)
2023-11-14 22:10:59 [main] INFO  com.pedrolima.wexchange.Main - No active profile set, falling back to 1 default profile: "test"
2023-11-14 22:11:00 [main] INFO  o.s.d.r.c.RepositoryConfigurationDelegate - Bootstrapping Spring Data JPA repositories in DEFAULT mode.
2023-11-14 22:11:00 [main] INFO  o.s.d.r.c.RepositoryConfigurationDelegate - Finished Spring Data repository scanning in 51 ms. Found 2 JPA repository interfaces.
2023-11-14 22:11:01 [main] WARN  io.undertow.websockets.jsr - UT026010: Buffer pool was not set on WebSocketDeploymentInfo, the default pool will be used
2023-11-14 22:11:01 [main] INFO  io.undertow.servlet - Initializing Spring embedded WebApplicationContext
2023-11-14 22:11:01 [main] INFO  o.s.b.w.s.c.ServletWebServerApplicationContext - Root WebApplicationContext: initialization completed in 1571 ms
2023-11-14 22:11:01 [main] WARN  com.zaxxer.hikari.HikariConfig - master - idleTimeout is close to or more than maxLifetime, disabling it.
2023-11-14 22:11:01 [main] INFO  com.zaxxer.hikari.HikariDataSource - master - Starting...
2023-11-14 22:11:01 [main] INFO  com.zaxxer.hikari.pool.HikariPool - master - Added connection conn0: url=jdbc:h2:mem:wexchange_test user=ROOT
2023-11-14 22:11:01 [main] INFO  com.zaxxer.hikari.HikariDataSource - master - Start completed.
2023-11-14 22:11:01 [main] INFO  o.s.b.a.h.H2ConsoleAutoConfiguration - H2 console available at '/h2'. Database available at 'jdbc:h2:mem:wexchange_test'
2023-11-14 22:11:01 [main] INFO  o.h.jpa.internal.util.LogHelper - HHH000204: Processing PersistenceUnitInfo [name: default]
2023-11-14 22:11:01 [main] INFO  org.hibernate.Version - HHH000412: Hibernate ORM core version 6.2.13.Final
2023-11-14 22:11:01 [main] INFO  org.hibernate.cfg.Environment - HHH000406: Using bytecode reflection optimizer
2023-11-14 22:11:02 [main] INFO  o.s.o.j.p.SpringPersistenceUnitInfo - No LoadTimeWeaver setup: ignoring JPA class transformer
2023-11-14 22:11:03 [main] INFO  o.h.e.t.j.p.i.JtaPlatformInitiator - HHH000489: No JTA platform available (set 'hibernate.transaction.jta.platform' to enable JTA platform integration)
2023-11-14 22:11:03 [main] INFO  o.hibernate.orm.connections.access - HHH10001501: Connection obtained from JdbcConnectionAccess [org.hibernate.engine.jdbc.env.internal.JdbcEnvironmentInitiator$ConnectionProviderJdbcConnectionAccess@74901d7] for (non-JTA) DDL execution was not in auto-commit mode; the Connection 'local transaction' will be committed and the Connection will be set into auto-commit mode.
2023-11-14 22:11:03 [main] INFO  o.hibernate.orm.connections.access - HHH10001501: Connection obtained from JdbcConnectionAccess [org.hibernate.engine.jdbc.env.internal.JdbcEnvironmentInitiator$ConnectionProviderJdbcConnectionAccess@5519ef7d] for (non-JTA) DDL execution was not in auto-commit mode; the Connection 'local transaction' will be committed and the Connection will be set into auto-commit mode.
2023-11-14 22:11:03 [main] INFO  o.s.o.j.LocalContainerEntityManagerFactoryBean - Initialized JPA EntityManagerFactory for persistence unit 'default'
2023-11-14 22:11:03 [main] INFO  o.s.d.j.r.query.QueryEnhancerFactory - Hibernate is in classpath; If applicable, HQL parser will be used.
2023-11-14 22:11:05 [main] INFO  o.s.b.a.e.web.EndpointLinksResolver - Exposing 4 endpoint(s) beneath base path '/actuator'
2023-11-14 22:11:05 [main] INFO  io.undertow - starting server: Undertow - 2.3.10.Final
2023-11-14 22:11:05 [main] INFO  org.xnio - XNIO version 3.8.8.Final
2023-11-14 22:11:05 [main] INFO  org.xnio.nio - XNIO NIO Implementation Version 3.8.8.Final
2023-11-14 22:11:05 [main] INFO  org.jboss.threads - JBoss Threads version 3.5.0.Final
2023-11-14 22:11:05 [main] INFO  o.s.b.w.e.undertow.UndertowWebServer - Undertow started on port(s) 8080 (http)
2023-11-14 22:11:05 [main] INFO  com.pedrolima.wexchange.Main - Started Main in 6.269 seconds (process running for 7.108)
2023-11-14 22:11:13 [RMI TCP Connection(3)-127.0.0.1] INFO  io.undertow.servlet - Initializing Spring DispatcherServlet 'dispatcherServlet'
2023-11-14 22:11:13 [RMI TCP Connection(3)-127.0.0.1] INFO  o.s.web.servlet.DispatcherServlet - Initializing Servlet 'dispatcherServlet'
2023-11-14 22:11:13 [RMI TCP Connection(3)-127.0.0.1] INFO  o.s.web.servlet.DispatcherServlet - Completed initialization in 2 ms
2023-11-14 22:20:11 [SpringApplicationShutdownHook] INFO  io.undertow - stopping server: Undertow - 2.3.10.Final
2023-11-14 22:20:11 [SpringApplicationShutdownHook] INFO  io.undertow.servlet - Destroying Spring FrameworkServlet 'dispatcherServlet'
2023-11-14 22:20:11 [SpringApplicationShutdownHook] INFO  o.s.o.j.LocalContainerEntityManagerFactoryBean - Closing JPA EntityManagerFactory for persistence unit 'default'
2023-11-14 22:20:11 [SpringApplicationShutdownHook] INFO  com.zaxxer.hikari.HikariDataSource - master - Shutdown initiated...
2023-11-14 22:20:11 [SpringApplicationShutdownHook] INFO  com.zaxxer.hikari.HikariDataSource - master - Shutdown completed.
2023-11-14 22:20:18 [background-preinit] INFO  o.h.validator.internal.util.Version - HV000001: Hibernate Validator 8.0.1.Final
2023-11-14 22:20:18 [main] INFO  com.pedrolima.wexchange.Main - Starting Main using Java 17.0.9 with PID 46184 (/home/pedrolima/IdeaProjects/wexchange/build/classes/java/main started by pedrolima in /home/pedrolima/IdeaProjects/wexchange)
2023-11-14 22:20:18 [main] INFO  com.pedrolima.wexchange.Main - No active profile set, falling back to 1 default profile: "test"
2023-11-14 22:20:19 [main] INFO  o.s.d.r.c.RepositoryConfigurationDelegate - Bootstrapping Spring Data JPA repositories in DEFAULT mode.
2023-11-14 22:20:19 [main] INFO  o.s.d.r.c.RepositoryConfigurationDelegate - Finished Spring Data repository scanning in 76 ms. Found 2 JPA repository interfaces.
2023-11-14 22:20:20 [main] WARN  io.undertow.websockets.jsr - UT026010: Buffer pool was not set on WebSocketDeploymentInfo, the default pool will be used
2023-11-14 22:20:20 [main] INFO  io.undertow.servlet - Initializing Spring embedded WebApplicationContext
2023-11-14 22:20:20 [main] INFO  o.s.b.w.s.c.ServletWebServerApplicationContext - Root WebApplicationContext: initialization completed in 2146 ms
2023-11-14 22:20:20 [main] WARN  com.zaxxer.hikari.HikariConfig - master - idleTimeout is close to or more than maxLifetime, disabling it.
2023-11-14 22:20:20 [main] INFO  com.zaxxer.hikari.HikariDataSource - master - Starting...
2023-11-14 22:20:21 [main] INFO  com.zaxxer.hikari.pool.HikariPool - master - Added connection conn0: url=jdbc:h2:mem:wexchange_test user=ROOT
2023-11-14 22:20:21 [main] INFO  com.zaxxer.hikari.HikariDataSource - master - Start completed.
2023-11-14 22:20:21 [main] INFO  o.s.b.a.h.H2ConsoleAutoConfiguration - H2 console available at '/h2'. Database available at 'jdbc:h2:mem:wexchange_test'
2023-11-14 22:20:21 [main] INFO  o.h.jpa.internal.util.LogHelper - HHH000204: Processing PersistenceUnitInfo [name: default]
2023-11-14 22:20:21 [main] INFO  org.hibernate.Version - HHH000412: Hibernate ORM core version 6.2.13.Final
2023-11-14 22:20:21 [main] INFO  org.hibernate.cfg.Environment - HHH000406: Using bytecode reflection optimizer
2023-11-14 22:20:21 [main] INFO  o.s.o.j.p.SpringPersistenceUnitInfo - No LoadTimeWeaver setup: ignoring JPA class transformer
2023-11-14 22:20:22 [main] INFO  o.h.e.t.j.p.i.JtaPlatformInitiator - HHH000489: No JTA platform available (set 'hibernate.transaction.jta.platform' to enable JTA platform integration)
2023-11-14 22:20:22 [main] INFO  o.hibernate.orm.connections.access - HHH10001501: Connection obtained from JdbcConnectionAccess [org.hibernate.engine.jdbc.env.internal.JdbcEnvironmentInitiator$ConnectionProviderJdbcConnectionAccess@2d1f9ec3] for (non-JTA) DDL execution was not in auto-commit mode; the Connection 'local transaction' will be committed and the Connection will be set into auto-commit mode.
2023-11-14 22:20:22 [main] INFO  o.hibernate.orm.connections.access - HHH10001501: Connection obtained from JdbcConnectionAccess [org.hibernate.engine.jdbc.env.internal.JdbcEnvironmentInitiator$ConnectionProviderJdbcConnectionAccess@4e68aede] for (non-JTA) DDL execution was not in auto-commit mode; the Connection 'local transaction' will be committed and the Connection will be set into auto-commit mode.
2023-11-14 22:20:22 [main] INFO  o.s.o.j.LocalContainerEntityManagerFactoryBean - Initialized JPA EntityManagerFactory for persistence unit 'default'
2023-11-14 22:20:23 [main] INFO  o.s.d.j.r.query.QueryEnhancerFactory - Hibernate is in classpath; If applicable, HQL parser will be used.
2023-11-14 22:20:24 [main] INFO  o.s.b.a.e.web.EndpointLinksResolver - Exposing 4 endpoint(s) beneath base path '/actuator'
2023-11-14 22:20:24 [main] INFO  io.undertow - starting server: Undertow - 2.3.10.Final
2023-11-14 22:20:24 [main] INFO  org.xnio - XNIO version 3.8.8.Final
2023-11-14 22:20:24 [main] INFO  org.xnio.nio - XNIO NIO Implementation Version 3.8.8.Final
2023-11-14 22:20:24 [main] INFO  org.jboss.threads - JBoss Threads version 3.5.0.Final
2023-11-14 22:20:24 [main] INFO  o.s.b.w.e.undertow.UndertowWebServer - Undertow started on port(s) 8080 (http)
2023-11-14 22:20:24 [main] INFO  com.pedrolima.wexchange.Main - Started Main in 7.055 seconds (process running for 7.722)
2023-11-14 22:20:55 [SpringApplicationShutdownHook] INFO  io.undertow - stopping server: Undertow - 2.3.10.Final
2023-11-14 22:20:55 [SpringApplicationShutdownHook] INFO  o.s.o.j.LocalContainerEntityManagerFactoryBean - Closing JPA EntityManagerFactory for persistence unit 'default'
2023-11-14 22:20:55 [XNIO-1 task-2] ERROR io.undertow.request - UT005023: Exception handling request to /v1/purchases
jakarta.servlet.ServletException: UT010051: Deployment spring-boot has stopped
	at io.undertow.servlet.core.ManagedServlet.forceInit(ManagedServlet.java:202)
	at io.undertow.servlet.handlers.ServletChain.forceInit(ServletChain.java:130)
	at io.undertow.servlet.handlers.ServletChain$1.handleRequest(ServletChain.java:63)
	at io.undertow.servlet.handlers.ServletDispatchingHandler.handleRequest(ServletDispatchingHandler.java:36)
	at io.undertow.servlet.handlers.RedirectDirHandler.handleRequest(RedirectDirHandler.java:68)
	at io.undertow.servlet.handlers.security.SSLInformationAssociationHandler.handleRequest(SSLInformationAssociationHandler.java:117)
	at io.undertow.servlet.handlers.security.ServletAuthenticationCallHandler.handleRequest(ServletAuthenticationCallHandler.java:57)
	at io.undertow.server.handlers.PredicateHandler.handleRequest(PredicateHandler.java:43)
	at io.undertow.security.handlers.AbstractConfidentialityHandler.handleRequest(AbstractConfidentialityHandler.java:46)
	at io.undertow.servlet.handlers.security.ServletConfidentialityConstraintHandler.handleRequest(ServletConfidentialityConstraintHandler.java:64)
	at io.undertow.security.handlers.AuthenticationMechanismsHandler.handleRequest(AuthenticationMechanismsHandler.java:60)
	at io.undertow.servlet.handlers.security.CachedAuthenticatedSessionHandler.handleRequest(CachedAuthenticatedSessionHandler.java:77)
	at io.undertow.security.handlers.AbstractSecurityContextAssociationHandler.handleRequest(AbstractSecurityContextAssociationHandler.java:43)
	at io.undertow.server.handlers.PredicateHandler.handleRequest(PredicateHandler.java:43)
	at io.undertow.servlet.handlers.SendErrorPageHandler.handleRequest(SendErrorPageHandler.java:52)
	at io.undertow.server.handlers.PredicateHandler.handleRequest(PredicateHandler.java:43)
	at io.undertow.servlet.handlers.ServletInitialHandler.handleFirstRequest(ServletInitialHandler.java:276)
	at io.undertow.servlet.handlers.ServletInitialHandler$2.call(ServletInitialHandler.java:135)
	at io.undertow.servlet.handlers.ServletInitialHandler$2.call(ServletInitialHandler.java:132)
	at io.undertow.servlet.core.ServletRequestContextThreadSetupAction$1.call(ServletRequestContextThreadSetupAction.java:48)
	at io.undertow.servlet.core.ContextClassLoaderSetupAction$1.call(ContextClassLoaderSetupAction.java:43)
	at io.undertow.servlet.handlers.ServletInitialHandler.dispatchRequest(ServletInitialHandler.java:256)
	at io.undertow.servlet.handlers.ServletInitialHandler$1.handleRequest(ServletInitialHandler.java:101)
	at io.undertow.server.Connectors.executeRootHandler(Connectors.java:393)
	at io.undertow.server.HttpServerExchange$1.run(HttpServerExchange.java:859)
	at org.jboss.threads.ContextHandler$1.runWith(ContextHandler.java:18)
	at org.jboss.threads.EnhancedQueueExecutor$Task.run(EnhancedQueueExecutor.java:2513)
	at org.jboss.threads.EnhancedQueueExecutor$ThreadBody.run(EnhancedQueueExecutor.java:1512)
	at org.xnio.XnioWorker$WorkerThreadFactory$1$1.run(XnioWorker.java:1282)
	at java.base/java.lang.Thread.run(Thread.java:840)
2023-11-14 22:20:55 [SpringApplicationShutdownHook] INFO  com.zaxxer.hikari.HikariDataSource - master - Shutdown initiated...
2023-11-14 22:20:55 [XNIO-1 task-2] ERROR io.undertow.request - UT005022: Exception generating error page /error
java.lang.IllegalStateException: UT015023: This Context has been already destroyed
	at io.undertow.servlet.spec.ServletContextImpl.getDeploymentInfo(ServletContextImpl.java:210)
	at io.undertow.servlet.spec.ServletContextImpl.getContextPath(ServletContextImpl.java:216)
	at io.undertow.servlet.spec.HttpServletRequestImpl.getContextPath(HttpServletRequestImpl.java:310)
	at io.undertow.servlet.util.DispatchUtils.dispatchError(DispatchUtils.java:152)
	at io.undertow.servlet.spec.RequestDispatcherImpl.error(RequestDispatcherImpl.java:405)
	at io.undertow.servlet.spec.RequestDispatcherImpl.error(RequestDispatcherImpl.java:372)
	at io.undertow.servlet.handlers.ServletInitialHandler.handleFirstRequest(ServletInitialHandler.java:315)
	at io.undertow.servlet.handlers.ServletInitialHandler$2.call(ServletInitialHandler.java:135)
	at io.undertow.servlet.handlers.ServletInitialHandler$2.call(ServletInitialHandler.java:132)
	at io.undertow.servlet.core.ServletRequestContextThreadSetupAction$1.call(ServletRequestContextThreadSetupAction.java:48)
	at io.undertow.servlet.core.ContextClassLoaderSetupAction$1.call(ContextClassLoaderSetupAction.java:43)
	at io.undertow.servlet.handlers.ServletInitialHandler.dispatchRequest(ServletInitialHandler.java:256)
	at io.undertow.servlet.handlers.ServletInitialHandler$1.handleRequest(ServletInitialHandler.java:101)
	at io.undertow.server.Connectors.executeRootHandler(Connectors.java:393)
	at io.undertow.server.HttpServerExchange$1.run(HttpServerExchange.java:859)
	at org.jboss.threads.ContextHandler$1.runWith(ContextHandler.java:18)
	at org.jboss.threads.EnhancedQueueExecutor$Task.run(EnhancedQueueExecutor.java:2513)
	at org.jboss.threads.EnhancedQueueExecutor$ThreadBody.run(EnhancedQueueExecutor.java:1512)
	at org.xnio.XnioWorker$WorkerThreadFactory$1$1.run(XnioWorker.java:1282)
	at java.base/java.lang.Thread.run(Thread.java:840)
2023-11-14 22:20:55 [SpringApplicationShutdownHook] INFO  com.zaxxer.hikari.HikariDataSource - master - Shutdown completed.
2023-11-14 22:32:47 [background-preinit] INFO  o.h.validator.internal.util.Version - HV000001: Hibernate Validator 8.0.1.Final
2023-11-14 22:32:47 [main] INFO  com.pedrolima.wexchange.Main - Starting Main using Java 17.0.9 with PID 46756 (/home/pedrolima/IdeaProjects/wexchange/build/classes/java/main started by pedrolima in /home/pedrolima/IdeaProjects/wexchange)
2023-11-14 22:32:47 [main] INFO  com.pedrolima.wexchange.Main - No active profile set, falling back to 1 default profile: "test"
2023-11-14 22:32:48 [main] INFO  o.s.d.r.c.RepositoryConfigurationDelegate - Bootstrapping Spring Data JPA repositories in DEFAULT mode.
2023-11-14 22:32:48 [main] INFO  o.s.d.r.c.RepositoryConfigurationDelegate - Finished Spring Data repository scanning in 65 ms. Found 2 JPA repository interfaces.
2023-11-14 22:32:48 [main] WARN  io.undertow.websockets.jsr - UT026010: Buffer pool was not set on WebSocketDeploymentInfo, the default pool will be used
2023-11-14 22:32:48 [main] INFO  io.undertow.servlet - Initializing Spring embedded WebApplicationContext
2023-11-14 22:32:48 [main] INFO  o.s.b.w.s.c.ServletWebServerApplicationContext - Root WebApplicationContext: initialization completed in 1605 ms
2023-11-14 22:32:48 [main] WARN  com.zaxxer.hikari.HikariConfig - master - idleTimeout is close to or more than maxLifetime, disabling it.
2023-11-14 22:32:48 [main] INFO  com.zaxxer.hikari.HikariDataSource - master - Starting...
2023-11-14 22:32:48 [main] INFO  com.zaxxer.hikari.pool.HikariPool - master - Added connection conn0: url=jdbc:h2:mem:wexchange_test user=ROOT
2023-11-14 22:32:49 [main] INFO  com.zaxxer.hikari.HikariDataSource - master - Start completed.
2023-11-14 22:32:49 [main] INFO  o.s.b.a.h.H2ConsoleAutoConfiguration - H2 console available at '/h2'. Database available at 'jdbc:h2:mem:wexchange_test'
2023-11-14 22:32:49 [main] INFO  o.h.jpa.internal.util.LogHelper - HHH000204: Processing PersistenceUnitInfo [name: default]
2023-11-14 22:32:49 [main] INFO  org.hibernate.Version - HHH000412: Hibernate ORM core version 6.2.13.Final
2023-11-14 22:32:49 [main] INFO  org.hibernate.cfg.Environment - HHH000406: Using bytecode reflection optimizer
2023-11-14 22:32:49 [main] INFO  o.s.o.j.p.SpringPersistenceUnitInfo - No LoadTimeWeaver setup: ignoring JPA class transformer
2023-11-14 22:32:50 [main] INFO  o.h.e.t.j.p.i.JtaPlatformInitiator - HHH000489: No JTA platform available (set 'hibernate.transaction.jta.platform' to enable JTA platform integration)
2023-11-14 22:32:50 [main] INFO  o.hibernate.orm.connections.access - HHH10001501: Connection obtained from JdbcConnectionAccess [org.hibernate.engine.jdbc.env.internal.JdbcEnvironmentInitiator$ConnectionProviderJdbcConnectionAccess@5354bfce] for (non-JTA) DDL execution was not in auto-commit mode; the Connection 'local transaction' will be committed and the Connection will be set into auto-commit mode.
2023-11-14 22:32:50 [main] INFO  o.hibernate.orm.connections.access - HHH10001501: Connection obtained from JdbcConnectionAccess [org.hibernate.engine.jdbc.env.internal.JdbcEnvironmentInitiator$ConnectionProviderJdbcConnectionAccess@3c29f6be] for (non-JTA) DDL execution was not in auto-commit mode; the Connection 'local transaction' will be committed and the Connection will be set into auto-commit mode.
2023-11-14 22:32:50 [main] INFO  o.s.o.j.LocalContainerEntityManagerFactoryBean - Initialized JPA EntityManagerFactory for persistence unit 'default'
2023-11-14 22:32:50 [main] INFO  o.s.d.j.r.query.QueryEnhancerFactory - Hibernate is in classpath; If applicable, HQL parser will be used.
2023-11-14 22:32:52 [main] INFO  o.s.b.a.e.web.EndpointLinksResolver - Exposing 4 endpoint(s) beneath base path '/actuator'
2023-11-14 22:32:52 [main] INFO  io.undertow - starting server: Undertow - 2.3.10.Final
2023-11-14 22:32:52 [main] INFO  org.xnio - XNIO version 3.8.8.Final
2023-11-14 22:32:52 [main] INFO  org.xnio.nio - XNIO NIO Implementation Version 3.8.8.Final
2023-11-14 22:32:52 [main] INFO  org.jboss.threads - JBoss Threads version 3.5.0.Final
2023-11-14 22:32:52 [main] INFO  o.s.b.w.e.undertow.UndertowWebServer - Undertow started on port(s) 8080 (http)
2023-11-14 22:32:52 [main] INFO  com.pedrolima.wexchange.Main - Started Main in 6.125 seconds (process running for 6.864)
2023-11-14 22:33:03 [XNIO-1 task-2] INFO  io.undertow.servlet - Initializing Spring DispatcherServlet 'dispatcherServlet'
2023-11-14 22:33:03 [XNIO-1 task-2] INFO  o.s.web.servlet.DispatcherServlet - Initializing Servlet 'dispatcherServlet'
2023-11-14 22:33:03 [XNIO-1 task-2] INFO  o.s.web.servlet.DispatcherServlet - Completed initialization in 1 ms
2023-11-14 22:33:17 [SpringApplicationShutdownHook] INFO  io.undertow - stopping server: Undertow - 2.3.10.Final
2023-11-14 22:33:17 [SpringApplicationShutdownHook] INFO  io.undertow.servlet - Destroying Spring FrameworkServlet 'dispatcherServlet'
2023-11-14 22:33:17 [SpringApplicationShutdownHook] INFO  o.s.o.j.LocalContainerEntityManagerFactoryBean - Closing JPA EntityManagerFactory for persistence unit 'default'
2023-11-14 22:33:17 [SpringApplicationShutdownHook] INFO  com.zaxxer.hikari.HikariDataSource - master - Shutdown initiated...
2023-11-14 22:33:17 [SpringApplicationShutdownHook] INFO  com.zaxxer.hikari.HikariDataSource - master - Shutdown completed.
2023-11-14 22:33:23 [background-preinit] INFO  o.h.validator.internal.util.Version - HV000001: Hibernate Validator 8.0.1.Final
2023-11-14 22:33:23 [main] INFO  com.pedrolima.wexchange.Main - Starting Main using Java 17.0.9 with PID 47110 (/home/pedrolima/IdeaProjects/wexchange/build/classes/java/main started by pedrolima in /home/pedrolima/IdeaProjects/wexchange)
2023-11-14 22:33:23 [main] INFO  com.pedrolima.wexchange.Main - No active profile set, falling back to 1 default profile: "test"
2023-11-14 22:33:24 [main] INFO  o.s.d.r.c.RepositoryConfigurationDelegate - Bootstrapping Spring Data JPA repositories in DEFAULT mode.
2023-11-14 22:33:24 [main] INFO  o.s.d.r.c.RepositoryConfigurationDelegate - Finished Spring Data repository scanning in 40 ms. Found 2 JPA repository interfaces.
2023-11-14 22:33:25 [main] WARN  io.undertow.websockets.jsr - UT026010: Buffer pool was not set on WebSocketDeploymentInfo, the default pool will be used
2023-11-14 22:33:25 [main] INFO  io.undertow.servlet - Initializing Spring embedded WebApplicationContext
2023-11-14 22:33:25 [main] INFO  o.s.b.w.s.c.ServletWebServerApplicationContext - Root WebApplicationContext: initialization completed in 1552 ms
2023-11-14 22:33:25 [main] WARN  com.zaxxer.hikari.HikariConfig - master - idleTimeout is close to or more than maxLifetime, disabling it.
2023-11-14 22:33:25 [main] INFO  com.zaxxer.hikari.HikariDataSource - master - Starting...
2023-11-14 22:33:25 [main] INFO  com.zaxxer.hikari.pool.HikariPool - master - Added connection conn0: url=jdbc:h2:mem:wexchange_test user=ROOT
2023-11-14 22:33:25 [main] INFO  com.zaxxer.hikari.HikariDataSource - master - Start completed.
2023-11-14 22:33:25 [main] INFO  o.s.b.a.h.H2ConsoleAutoConfiguration - H2 console available at '/h2'. Database available at 'jdbc:h2:mem:wexchange_test'
2023-11-14 22:33:25 [main] INFO  o.h.jpa.internal.util.LogHelper - HHH000204: Processing PersistenceUnitInfo [name: default]
2023-11-14 22:33:25 [main] INFO  org.hibernate.Version - HHH000412: Hibernate ORM core version 6.2.13.Final
2023-11-14 22:33:25 [main] INFO  org.hibernate.cfg.Environment - HHH000406: Using bytecode reflection optimizer
2023-11-14 22:33:26 [main] INFO  o.s.o.j.p.SpringPersistenceUnitInfo - No LoadTimeWeaver setup: ignoring JPA class transformer
2023-11-14 22:33:27 [main] INFO  o.h.e.t.j.p.i.JtaPlatformInitiator - HHH000489: No JTA platform available (set 'hibernate.transaction.jta.platform' to enable JTA platform integration)
2023-11-14 22:33:27 [main] INFO  o.hibernate.orm.connections.access - HHH10001501: Connection obtained from JdbcConnectionAccess [org.hibernate.engine.jdbc.env.internal.JdbcEnvironmentInitiator$ConnectionProviderJdbcConnectionAccess@7699e60a] for (non-JTA) DDL execution was not in auto-commit mode; the Connection 'local transaction' will be committed and the Connection will be set into auto-commit mode.
2023-11-14 22:33:27 [main] INFO  o.hibernate.orm.connections.access - HHH10001501: Connection obtained from JdbcConnectionAccess [org.hibernate.engine.jdbc.env.internal.JdbcEnvironmentInitiator$ConnectionProviderJdbcConnectionAccess@1bc1aa9e] for (non-JTA) DDL execution was not in auto-commit mode; the Connection 'local transaction' will be committed and the Connection will be set into auto-commit mode.
2023-11-14 22:33:27 [main] INFO  o.s.o.j.LocalContainerEntityManagerFactoryBean - Initialized JPA EntityManagerFactory for persistence unit 'default'
2023-11-14 22:33:27 [main] INFO  o.s.d.j.r.query.QueryEnhancerFactory - Hibernate is in classpath; If applicable, HQL parser will be used.
2023-11-14 22:33:28 [main] INFO  o.s.b.a.e.web.EndpointLinksResolver - Exposing 4 endpoint(s) beneath base path '/actuator'
2023-11-14 22:33:28 [main] INFO  io.undertow - starting server: Undertow - 2.3.10.Final
2023-11-14 22:33:28 [main] INFO  org.xnio - XNIO version 3.8.8.Final
2023-11-14 22:33:28 [main] INFO  org.xnio.nio - XNIO NIO Implementation Version 3.8.8.Final
2023-11-14 22:33:28 [main] INFO  org.jboss.threads - JBoss Threads version 3.5.0.Final
2023-11-14 22:33:28 [main] INFO  o.s.b.w.e.undertow.UndertowWebServer - Undertow started on port(s) 8080 (http)
2023-11-14 22:33:28 [main] INFO  com.pedrolima.wexchange.Main - Started Main in 5.858 seconds (process running for 6.727)
2023-11-14 22:33:45 [XNIO-1 task-2] INFO  io.undertow.servlet - Initializing Spring DispatcherServlet 'dispatcherServlet'
2023-11-14 22:33:45 [XNIO-1 task-2] INFO  o.s.web.servlet.DispatcherServlet - Initializing Servlet 'dispatcherServlet'
2023-11-14 22:33:45 [XNIO-1 task-2] INFO  o.s.web.servlet.DispatcherServlet - Completed initialization in 2 ms
2023-11-14 22:34:14 [SpringApplicationShutdownHook] INFO  io.undertow - stopping server: Undertow - 2.3.10.Final
2023-11-14 22:34:14 [SpringApplicationShutdownHook] INFO  io.undertow.servlet - Destroying Spring FrameworkServlet 'dispatcherServlet'
2023-11-14 22:34:14 [SpringApplicationShutdownHook] INFO  o.s.o.j.LocalContainerEntityManagerFactoryBean - Closing JPA EntityManagerFactory for persistence unit 'default'
2023-11-14 22:34:14 [SpringApplicationShutdownHook] INFO  com.zaxxer.hikari.HikariDataSource - master - Shutdown initiated...
2023-11-14 22:34:14 [SpringApplicationShutdownHook] INFO  com.zaxxer.hikari.HikariDataSource - master - Shutdown completed.
2023-11-14 22:34:17 [background-preinit] INFO  o.h.validator.internal.util.Version - HV000001: Hibernate Validator 8.0.1.Final
2023-11-14 22:34:17 [main] INFO  com.pedrolima.wexchange.Main - Starting Main using Java 17.0.9 with PID 47468 (/home/pedrolima/IdeaProjects/wexchange/build/classes/java/main started by pedrolima in /home/pedrolima/IdeaProjects/wexchange)
2023-11-14 22:34:17 [main] INFO  com.pedrolima.wexchange.Main - No active profile set, falling back to 1 default profile: "test"
2023-11-14 22:34:18 [main] INFO  o.s.d.r.c.RepositoryConfigurationDelegate - Bootstrapping Spring Data JPA repositories in DEFAULT mode.
2023-11-14 22:34:18 [main] INFO  o.s.d.r.c.RepositoryConfigurationDelegate - Finished Spring Data repository scanning in 50 ms. Found 2 JPA repository interfaces.
2023-11-14 22:34:19 [main] WARN  io.undertow.websockets.jsr - UT026010: Buffer pool was not set on WebSocketDeploymentInfo, the default pool will be used
2023-11-14 22:34:19 [main] INFO  io.undertow.servlet - Initializing Spring embedded WebApplicationContext
2023-11-14 22:34:19 [main] INFO  o.s.b.w.s.c.ServletWebServerApplicationContext - Root WebApplicationContext: initialization completed in 1791 ms
2023-11-14 22:34:19 [main] WARN  com.zaxxer.hikari.HikariConfig - master - idleTimeout is close to or more than maxLifetime, disabling it.
2023-11-14 22:34:19 [main] INFO  com.zaxxer.hikari.HikariDataSource - master - Starting...
2023-11-14 22:34:19 [main] INFO  com.zaxxer.hikari.pool.HikariPool - master - Added connection conn0: url=jdbc:h2:mem:wexchange_test user=ROOT
2023-11-14 22:34:19 [main] INFO  com.zaxxer.hikari.HikariDataSource - master - Start completed.
2023-11-14 22:34:19 [main] INFO  o.s.b.a.h.H2ConsoleAutoConfiguration - H2 console available at '/h2'. Database available at 'jdbc:h2:mem:wexchange_test'
2023-11-14 22:34:20 [main] INFO  o.h.jpa.internal.util.LogHelper - HHH000204: Processing PersistenceUnitInfo [name: default]
2023-11-14 22:34:20 [main] INFO  org.hibernate.Version - HHH000412: Hibernate ORM core version 6.2.13.Final
2023-11-14 22:34:20 [main] INFO  org.hibernate.cfg.Environment - HHH000406: Using bytecode reflection optimizer
2023-11-14 22:34:20 [main] INFO  o.s.o.j.p.SpringPersistenceUnitInfo - No LoadTimeWeaver setup: ignoring JPA class transformer
2023-11-14 22:34:21 [main] INFO  o.h.e.t.j.p.i.JtaPlatformInitiator - HHH000489: No JTA platform available (set 'hibernate.transaction.jta.platform' to enable JTA platform integration)
2023-11-14 22:34:21 [main] INFO  o.hibernate.orm.connections.access - HHH10001501: Connection obtained from JdbcConnectionAccess [org.hibernate.engine.jdbc.env.internal.JdbcEnvironmentInitiator$ConnectionProviderJdbcConnectionAccess@2f11d889] for (non-JTA) DDL execution was not in auto-commit mode; the Connection 'local transaction' will be committed and the Connection will be set into auto-commit mode.
2023-11-14 22:34:21 [main] INFO  o.hibernate.orm.connections.access - HHH10001501: Connection obtained from JdbcConnectionAccess [org.hibernate.engine.jdbc.env.internal.JdbcEnvironmentInitiator$ConnectionProviderJdbcConnectionAccess@75882ac2] for (non-JTA) DDL execution was not in auto-commit mode; the Connection 'local transaction' will be committed and the Connection will be set into auto-commit mode.
2023-11-14 22:34:21 [main] INFO  o.s.o.j.LocalContainerEntityManagerFactoryBean - Initialized JPA EntityManagerFactory for persistence unit 'default'
2023-11-14 22:34:21 [main] INFO  o.s.d.j.r.query.QueryEnhancerFactory - Hibernate is in classpath; If applicable, HQL parser will be used.
2023-11-14 22:34:23 [main] INFO  o.s.b.a.e.web.EndpointLinksResolver - Exposing 4 endpoint(s) beneath base path '/actuator'
2023-11-14 22:34:23 [main] INFO  io.undertow - starting server: Undertow - 2.3.10.Final
2023-11-14 22:34:23 [main] INFO  org.xnio - XNIO version 3.8.8.Final
2023-11-14 22:34:23 [main] INFO  org.xnio.nio - XNIO NIO Implementation Version 3.8.8.Final
2023-11-14 22:34:23 [main] INFO  org.jboss.threads - JBoss Threads version 3.5.0.Final
2023-11-14 22:34:23 [main] INFO  o.s.b.w.e.undertow.UndertowWebServer - Undertow started on port(s) 8080 (http)
2023-11-14 22:34:23 [main] INFO  com.pedrolima.wexchange.Main - Started Main in 6.738 seconds (process running for 7.461)
2023-11-14 22:34:27 [RMI TCP Connection(1)-127.0.0.1] INFO  io.undertow.servlet - Initializing Spring DispatcherServlet 'dispatcherServlet'
2023-11-14 22:34:27 [RMI TCP Connection(1)-127.0.0.1] INFO  o.s.web.servlet.DispatcherServlet - Initializing Servlet 'dispatcherServlet'
2023-11-14 22:34:27 [RMI TCP Connection(1)-127.0.0.1] INFO  o.s.web.servlet.DispatcherServlet - Completed initialization in 2 ms
2023-11-14 22:34:46 [SpringApplicationShutdownHook] INFO  io.undertow - stopping server: Undertow - 2.3.10.Final
2023-11-14 22:34:46 [SpringApplicationShutdownHook] INFO  io.undertow.servlet - Destroying Spring FrameworkServlet 'dispatcherServlet'
2023-11-14 22:34:46 [SpringApplicationShutdownHook] INFO  o.s.o.j.LocalContainerEntityManagerFactoryBean - Closing JPA EntityManagerFactory for persistence unit 'default'
2023-11-14 22:34:46 [SpringApplicationShutdownHook] INFO  com.zaxxer.hikari.HikariDataSource - master - Shutdown initiated...
2023-11-14 22:34:46 [SpringApplicationShutdownHook] INFO  com.zaxxer.hikari.HikariDataSource - master - Shutdown completed.
2023-11-14 22:34:49 [background-preinit] INFO  o.h.validator.internal.util.Version - HV000001: Hibernate Validator 8.0.1.Final
2023-11-14 22:34:49 [main] INFO  com.pedrolima.wexchange.Main - Starting Main using Java 17.0.9 with PID 47816 (/home/pedrolima/IdeaProjects/wexchange/build/classes/java/main started by pedrolima in /home/pedrolima/IdeaProjects/wexchange)
2023-11-14 22:34:49 [main] INFO  com.pedrolima.wexchange.Main - No active profile set, falling back to 1 default profile: "test"
2023-11-14 22:34:50 [main] INFO  o.s.d.r.c.RepositoryConfigurationDelegate - Bootstrapping Spring Data JPA repositories in DEFAULT mode.
2023-11-14 22:34:51 [main] INFO  o.s.d.r.c.RepositoryConfigurationDelegate - Finished Spring Data repository scanning in 42 ms. Found 2 JPA repository interfaces.
2023-11-14 22:34:51 [main] WARN  io.undertow.websockets.jsr - UT026010: Buffer pool was not set on WebSocketDeploymentInfo, the default pool will be used
2023-11-14 22:34:51 [main] INFO  io.undertow.servlet - Initializing Spring embedded WebApplicationContext
2023-11-14 22:34:51 [main] INFO  o.s.b.w.s.c.ServletWebServerApplicationContext - Root WebApplicationContext: initialization completed in 1692 ms
2023-11-14 22:34:51 [main] WARN  com.zaxxer.hikari.HikariConfig - master - idleTimeout is close to or more than maxLifetime, disabling it.
2023-11-14 22:34:51 [main] INFO  com.zaxxer.hikari.HikariDataSource - master - Starting...
2023-11-14 22:34:51 [main] INFO  com.zaxxer.hikari.pool.HikariPool - master - Added connection conn0: url=jdbc:h2:mem:wexchange_test user=ROOT
2023-11-14 22:34:51 [main] INFO  com.zaxxer.hikari.HikariDataSource - master - Start completed.
2023-11-14 22:34:51 [main] INFO  o.s.b.a.h.H2ConsoleAutoConfiguration - H2 console available at '/h2'. Database available at 'jdbc:h2:mem:wexchange_test'
2023-11-14 22:34:52 [main] INFO  o.h.jpa.internal.util.LogHelper - HHH000204: Processing PersistenceUnitInfo [name: default]
2023-11-14 22:34:52 [main] INFO  org.hibernate.Version - HHH000412: Hibernate ORM core version 6.2.13.Final
2023-11-14 22:34:52 [main] INFO  org.hibernate.cfg.Environment - HHH000406: Using bytecode reflection optimizer
2023-11-14 22:34:52 [main] INFO  o.s.o.j.p.SpringPersistenceUnitInfo - No LoadTimeWeaver setup: ignoring JPA class transformer
2023-11-14 22:34:53 [main] INFO  o.h.e.t.j.p.i.JtaPlatformInitiator - HHH000489: No JTA platform available (set 'hibernate.transaction.jta.platform' to enable JTA platform integration)
2023-11-14 22:34:53 [main] INFO  o.hibernate.orm.connections.access - HHH10001501: Connection obtained from JdbcConnectionAccess [org.hibernate.engine.jdbc.env.internal.JdbcEnvironmentInitiator$ConnectionProviderJdbcConnectionAccess@5354bfce] for (non-JTA) DDL execution was not in auto-commit mode; the Connection 'local transaction' will be committed and the Connection will be set into auto-commit mode.
2023-11-14 22:34:53 [main] INFO  o.hibernate.orm.connections.access - HHH10001501: Connection obtained from JdbcConnectionAccess [org.hibernate.engine.jdbc.env.internal.JdbcEnvironmentInitiator$ConnectionProviderJdbcConnectionAccess@3c29f6be] for (non-JTA) DDL execution was not in auto-commit mode; the Connection 'local transaction' will be committed and the Connection will be set into auto-commit mode.
2023-11-14 22:34:53 [main] INFO  o.s.o.j.LocalContainerEntityManagerFactoryBean - Initialized JPA EntityManagerFactory for persistence unit 'default'
2023-11-14 22:34:53 [main] INFO  o.s.d.j.r.query.QueryEnhancerFactory - Hibernate is in classpath; If applicable, HQL parser will be used.
2023-11-14 22:34:55 [main] INFO  o.s.b.a.e.web.EndpointLinksResolver - Exposing 4 endpoint(s) beneath base path '/actuator'
2023-11-14 22:34:55 [main] INFO  io.undertow - starting server: Undertow - 2.3.10.Final
2023-11-14 22:34:55 [main] INFO  org.xnio - XNIO version 3.8.8.Final
2023-11-14 22:34:55 [main] INFO  org.xnio.nio - XNIO NIO Implementation Version 3.8.8.Final
2023-11-14 22:34:55 [main] INFO  org.jboss.threads - JBoss Threads version 3.5.0.Final
2023-11-14 22:34:55 [main] INFO  o.s.b.w.e.undertow.UndertowWebServer - Undertow started on port(s) 8080 (http)
2023-11-14 22:34:55 [main] INFO  com.pedrolima.wexchange.Main - Started Main in 6.356 seconds (process running for 7.164)
2023-11-14 22:35:07 [RMI TCP Connection(5)-127.0.0.1] INFO  io.undertow.servlet - Initializing Spring DispatcherServlet 'dispatcherServlet'
2023-11-14 22:35:07 [RMI TCP Connection(5)-127.0.0.1] INFO  o.s.web.servlet.DispatcherServlet - Initializing Servlet 'dispatcherServlet'
2023-11-14 22:35:07 [RMI TCP Connection(5)-127.0.0.1] INFO  o.s.web.servlet.DispatcherServlet - Completed initialization in 2 ms
2023-11-14 22:36:12 [master housekeeper] WARN  com.zaxxer.hikari.pool.HikariPool - master - Thread starvation or clock leap detected (housekeeper delta=1m20s646ms793µs348ns).
2023-11-14 22:41:33 [SpringApplicationShutdownHook] INFO  io.undertow - stopping server: Undertow - 2.3.10.Final
2023-11-14 22:41:33 [SpringApplicationShutdownHook] INFO  io.undertow.servlet - Destroying Spring FrameworkServlet 'dispatcherServlet'
2023-11-14 22:41:33 [SpringApplicationShutdownHook] INFO  o.s.o.j.LocalContainerEntityManagerFactoryBean - Closing JPA EntityManagerFactory for persistence unit 'default'
2023-11-14 22:41:33 [SpringApplicationShutdownHook] INFO  com.zaxxer.hikari.HikariDataSource - master - Shutdown initiated...
2023-11-14 22:41:33 [SpringApplicationShutdownHook] INFO  com.zaxxer.hikari.HikariDataSource - master - Shutdown completed.
